TN:
SF:/home/marco/projects/github/myprojectzz/myprojectzz-client/myprojectzzClient/src/polyfills.ts
FNF:0
FNH:0
LF:0
LH:0
BRF:0
BRH:0
end_of_record
TN:
SF:/home/marco/projects/github/myprojectzz/myprojectzz-client/myprojectzzClient/src/test.ts
FNF:0
FNH:0
DA:13,1
DA:18,1
DA:20,1
LF:3
LH:3
BRF:0
BRH:0
end_of_record
TN:
SF:/home/marco/projects/github/myprojectzz/myprojectzz-client/myprojectzzClient/src/app/app.component.ts
FN:8,(anonymous_1)
FN:3,AppComponent
FN:11,(anonymous_3)
FNF:3
FNH:1
FNDA:1,(anonymous_1)
FNDA:0,AppComponent
FNDA:0,(anonymous_3)
DA:8,1
DA:9,0
DA:11,1
DA:14,1
LF:4
LH:3
BRF:0
BRH:0
end_of_record
TN:
SF:/home/marco/projects/github/myprojectzz/myprojectzz-client/myprojectzzClient/src/app/current-task-list/current-task-list.component.ts
FN:8,(anonymous_1)
FN:11,(anonymous_3)
FNF:2
FNH:1
FNDA:1,(anonymous_1)
FNDA:0,(anonymous_3)
DA:8,1
DA:11,1
DA:14,1
LF:3
LH:3
BRF:0
BRH:0
end_of_record
TN:
SF:/home/marco/projects/github/myprojectzz/myprojectzz-client/myprojectzzClient/src/app/edit-project/edit-project.component.ts
FN:12,(anonymous_2)
FN:16,EditProjectComponent
FN:19,(anonymous_4)
FN:23,(anonymous_5)
FNF:4
FNH:1
FNDA:1,(anonymous_2)
FNDA:0,EditProjectComponent
FNDA:0,(anonymous_4)
FNDA:0,(anonymous_5)
DA:12,1
DA:16,0
DA:19,1
DA:20,0
DA:23,1
DA:24,0
DA:25,0
DA:26,0
DA:29,0
DA:33,1
LF:10
LH:4
BRDA:25,0,0,0
BRDA:25,0,1,0
BRDA:25,1,0,0
BRDA:25,1,1,0
BRF:4
BRH:0
end_of_record
TN:
SF:/home/marco/projects/github/myprojectzz/myprojectzz-client/myprojectzzClient/src/app/edit-project-toolbar/edit-project-toolbar.component.ts
FN:11,(anonymous_2)
FN:15,EditProjectToolbarComponent
FN:18,(anonymous_4)
FN:23,(anonymous_5)
FNF:4
FNH:1
FNDA:1,(anonymous_2)
FNDA:0,EditProjectToolbarComponent
FNDA:0,(anonymous_4)
FNDA:0,(anonymous_5)
DA:11,1
DA:15,0
DA:18,1
DA:23,1
DA:28,1
LF:5
LH:4
BRF:0
BRH:0
end_of_record
TN:
SF:/home/marco/projects/github/myprojectzz/myprojectzz-client/myprojectzzClient/src/app/edit-task/edit-task.component.ts
FN:12,(anonymous_2)
FN:19,EditTaskComponent
FN:22,(anonymous_4)
FN:28,(anonymous_5)
FNF:4
FNH:1
FNDA:1,(anonymous_2)
FNDA:0,EditTaskComponent
FNDA:0,(anonymous_4)
FNDA:0,(anonymous_5)
DA:12,1
DA:19,0
DA:22,1
DA:23,0
DA:24,0
DA:25,0
DA:28,1
DA:29,0
DA:30,0
DA:33,0
DA:34,0
DA:37,1
LF:12
LH:4
BRDA:29,0,0,0
BRDA:29,0,1,0
BRDA:29,1,0,0
BRDA:29,1,1,0
BRF:4
BRH:0
end_of_record
TN:
SF:/home/marco/projects/github/myprojectzz/myprojectzz-client/myprojectzzClient/src/app/edit-task-toolbar/edit-task-toolbar.component.ts
FN:12,(anonymous_2)
FN:18,EditTaskToolbarComponent
FN:21,(anonymous_4)
FN:25,(anonymous_5)
FNF:4
FNH:1
FNDA:1,(anonymous_2)
FNDA:0,EditTaskToolbarComponent
FNDA:0,(anonymous_4)
FNDA:0,(anonymous_5)
DA:12,1
DA:18,0
DA:21,1
DA:22,0
DA:25,1
DA:26,0
DA:27,0
DA:30,1
LF:8
LH:4
BRF:0
BRH:0
end_of_record
TN:
SF:/home/marco/projects/github/myprojectzz/myprojectzz-client/myprojectzzClient/src/app/form/project-form/project-form.component.ts
FN:12,(anonymous_2)
FN:19,ProjectFormComponent
FN:22,(anonymous_4)
FN:26,(anonymous_5)
FN:35,(anonymous_6)
FNF:5
FNH:1
FNDA:1,(anonymous_2)
FNDA:0,ProjectFormComponent
FNDA:0,(anonymous_4)
FNDA:0,(anonymous_5)
FNDA:0,(anonymous_6)
DA:12,1
DA:17,1
DA:19,0
DA:22,1
DA:23,0
DA:26,1
DA:27,0
DA:28,0
DA:29,0
DA:30,0
DA:31,0
DA:32,0
DA:35,1
DA:36,0
DA:42,1
LF:15
LH:6
BRF:0
BRH:0
end_of_record
TN:
SF:/home/marco/projects/github/myprojectzz/myprojectzz-client/myprojectzzClient/src/app/form/task-form/task-form.component.ts
FN:12,(anonymous_2)
FN:19,TaskFormComponent
FN:22,(anonymous_4)
FN:26,(anonymous_5)
FN:33,(anonymous_6)
FN:44,(anonymous_7)
FN:48,(anonymous_8)
FNF:7
FNH:1
FNDA:1,(anonymous_2)
FNDA:0,TaskFormComponent
FNDA:0,(anonymous_4)
FNDA:0,(anonymous_5)
FNDA:0,(anonymous_6)
FNDA:0,(anonymous_7)
FNDA:0,(anonymous_8)
DA:12,1
DA:15,1
DA:19,0
DA:22,1
DA:23,0
DA:26,1
DA:27,0
DA:33,1
DA:34,0
DA:36,0
DA:37,0
DA:39,0
DA:41,0
DA:44,1
DA:45,0
DA:48,1
DA:49,0
DA:52,1
LF:18
LH:8
BRF:0
BRH:0
end_of_record
TN:
SF:/home/marco/projects/github/myprojectzz/myprojectzz-client/myprojectzzClient/src/app/form/validator/title-validator.ts
FN:3,titleValidator
FNF:1
FNH:0
FNDA:0,titleValidator
DA:4,0
DA:5,0
LF:2
LH:0
BRDA:5,0,0,0
BRDA:5,0,1,0
BRF:2
BRH:0
end_of_record
TN:
SF:/home/marco/projects/github/myprojectzz/myprojectzz-client/myprojectzzClient/src/app/home-navbar/home-navbar.component.ts
FN:8,(anonymous_2)
FN:10,HomeNavbarComponent
FN:12,(anonymous_4)
FNF:3
FNH:1
FNDA:1,(anonymous_2)
FNDA:0,HomeNavbarComponent
FNDA:0,(anonymous_4)
DA:8,1
DA:12,1
DA:15,1
LF:3
LH:3
BRF:0
BRH:0
end_of_record
TN:
SF:/home/marco/projects/github/myprojectzz/myprojectzz-client/myprojectzzClient/src/app/model/project-status.enum.ts
FN:1,(anonymous_0)
FNF:1
FNH:1
FNDA:1,(anonymous_0)
DA:1,1
DA:2,1
LF:2
LH:2
BRDA:1,0,0,1
BRDA:1,0,1,1
BRF:2
BRH:2
end_of_record
TN:
SF:/home/marco/projects/github/myprojectzz/myprojectzz-client/myprojectzzClient/src/app/model/project-task.ts
FN:13,(anonymous_0)
FN:15,ProjectTask
FN:20,(anonymous_2)
FN:24,(anonymous_3)
FN:28,(anonymous_4)
FN:32,(anonymous_5)
FN:36,(anonymous_6)
FN:40,(anonymous_7)
FN:44,(anonymous_8)
FN:48,(anonymous_9)
FN:52,(anonymous_10)
FN:56,(anonymous_11)
FN:60,(anonymous_12)
FN:64,(anonymous_13)
FN:68,(anonymous_14)
FN:76,(anonymous_15)
FNF:16
FNH:6
FNDA:1,(anonymous_0)
FNDA:3,ProjectTask
FNDA:0,(anonymous_2)
FNDA:0,(anonymous_3)
FNDA:1,(anonymous_4)
FNDA:0,(anonymous_5)
FNDA:0,(anonymous_6)
FNDA:0,(anonymous_7)
FNDA:1,(anonymous_8)
FNDA:0,(anonymous_9)
FNDA:1,(anonymous_10)
FNDA:0,(anonymous_11)
FNDA:0,(anonymous_12)
FNDA:0,(anonymous_13)
FNDA:1,(anonymous_14)
FNDA:0,(anonymous_15)
DA:13,1
DA:15,3
DA:16,3
DA:20,1
DA:21,0
DA:25,0
DA:28,1
DA:29,1
DA:33,0
DA:36,1
DA:37,0
DA:41,0
DA:44,1
DA:45,1
DA:49,0
DA:52,1
DA:53,1
DA:57,0
DA:60,1
DA:61,0
DA:65,0
DA:68,1
DA:69,1
DA:76,1
DA:77,0
DA:80,0
DA:82,1
LF:27
LH:16
BRDA:69,0,0,0
BRDA:69,0,1,1
BRDA:70,1,0,0
BRDA:70,1,1,1
BRDA:71,2,0,0
BRDA:71,2,1,1
BRDA:72,3,0,0
BRDA:72,3,1,1
BRDA:73,4,0,0
BRDA:73,4,1,1
BRF:10
BRH:5
end_of_record
TN:
SF:/home/marco/projects/github/myprojectzz/myprojectzz-client/myprojectzzClient/src/app/model/project.ts
FN:13,(anonymous_0)
FN:15,Project
FN:21,(anonymous_2)
FN:25,(anonymous_3)
FN:31,(anonymous_4)
FN:35,(anonymous_5)
FN:39,(anonymous_6)
FN:43,(anonymous_7)
FN:47,(anonymous_8)
FN:51,(anonymous_9)
FN:55,(anonymous_10)
FN:59,(anonymous_11)
FN:63,(anonymous_12)
FN:67,(anonymous_13)
FN:71,(anonymous_14)
FN:76,(anonymous_15)
FNF:16
FNH:1
FNDA:1,(anonymous_0)
FNDA:0,Project
FNDA:0,(anonymous_2)
FNDA:0,(anonymous_3)
FNDA:0,(anonymous_4)
FNDA:0,(anonymous_5)
FNDA:0,(anonymous_6)
FNDA:0,(anonymous_7)
FNDA:0,(anonymous_8)
FNDA:0,(anonymous_9)
FNDA:0,(anonymous_10)
FNDA:0,(anonymous_11)
FNDA:0,(anonymous_12)
FNDA:0,(anonymous_13)
FNDA:0,(anonymous_14)
FNDA:0,(anonymous_15)
DA:13,1
DA:15,0
DA:16,0
DA:21,1
DA:22,0
DA:26,0
DA:31,1
DA:32,0
DA:36,0
DA:39,1
DA:40,0
DA:44,0
DA:47,1
DA:48,0
DA:52,0
DA:55,1
DA:56,0
DA:60,0
DA:63,1
DA:64,0
DA:68,0
DA:71,1
DA:72,0
DA:76,1
DA:77,0
DA:79,1
LF:26
LH:10
BRDA:72,0,0,0
BRDA:72,0,1,0
BRDA:73,1,0,0
BRDA:73,1,1,0
BRF:4
BRH:0
end_of_record
TN:
SF:/home/marco/projects/github/myprojectzz/myprojectzz-client/myprojectzzClient/src/app/project-list/project-list.component.ts
FN:10,(anonymous_2)
FN:16,ProjectListComponent
FN:19,(anonymous_4)
FN:23,(anonymous_5)
FN:32,(anonymous_6)
FNF:5
FNH:1
FNDA:1,(anonymous_2)
FNDA:0,ProjectListComponent
FNDA:0,(anonymous_4)
FNDA:0,(anonymous_5)
FNDA:0,(anonymous_6)
DA:10,1
DA:16,0
DA:19,1
DA:20,0
DA:23,1
DA:24,0
DA:25,0
DA:27,0
DA:29,0
DA:32,1
DA:33,0
DA:34,0
DA:38,1
LF:13
LH:5
BRDA:24,0,0,0
BRDA:24,0,1,0
BRDA:33,1,0,0
BRDA:33,1,1,0
BRDA:33,1,2,0
BRF:5
BRH:0
end_of_record
TN:
SF:/home/marco/projects/github/myprojectzz/myprojectzz-client/myprojectzzClient/src/app/project-navbar/project-navbar.component.ts
FN:8,(anonymous_2)
FN:10,ProjectNavbarComponent
FN:12,(anonymous_4)
FNF:3
FNH:1
FNDA:1,(anonymous_2)
FNDA:0,ProjectNavbarComponent
FNDA:0,(anonymous_4)
DA:8,1
DA:12,1
DA:15,1
LF:3
LH:3
BRF:0
BRH:0
end_of_record
TN:
SF:/home/marco/projects/github/myprojectzz/myprojectzz-client/myprojectzzClient/src/app/project-tools-bar/project-tools-bar.component.ts
FN:11,(anonymous_2)
FN:15,ProjectToolsBarComponent
FN:18,(anonymous_4)
FN:19,(anonymous_5)
FN:24,(anonymous_6)
FN:28,(anonymous_7)
FN:32,(anonymous_8)
FN:40,(anonymous_9)
FNF:8
FNH:1
FNDA:1,(anonymous_2)
FNDA:0,ProjectToolsBarComponent
FNDA:0,(anonymous_4)
FNDA:0,(anonymous_5)
FNDA:0,(anonymous_6)
FNDA:0,(anonymous_7)
FNDA:0,(anonymous_8)
FNDA:0,(anonymous_9)
DA:11,1
DA:15,0
DA:18,1
DA:19,0
DA:20,0
DA:24,1
DA:25,0
DA:28,1
DA:29,0
DA:32,1
DA:35,0
DA:40,1
DA:42,0
DA:43,0
DA:48,1
LF:15
LH:7
BRDA:25,0,0,0
BRDA:25,0,1,0
BRDA:25,0,2,0
BRDA:42,1,0,0
BRDA:42,1,1,0
BRF:5
BRH:0
end_of_record
TN:
SF:/home/marco/projects/github/myprojectzz/myprojectzz-client/myprojectzzClient/src/app/projects-main/projects-main.component.ts
FN:8,(anonymous_2)
FN:10,ProjectsMainComponent
FN:12,(anonymous_4)
FNF:3
FNH:1
FNDA:1,(anonymous_2)
FNDA:0,ProjectsMainComponent
FNDA:0,(anonymous_4)
DA:8,1
DA:12,1
DA:15,1
LF:3
LH:3
BRF:0
BRH:0
end_of_record
TN:
SF:/home/marco/projects/github/myprojectzz/myprojectzz-client/myprojectzzClient/src/app/service/core/project-list.service.ts
FN:10,(anonymous_2)
FN:21,ProjectListService
FN:51,(anonymous_4)
FN:56,(anonymous_5)
FN:60,(anonymous_6)
FN:64,(anonymous_7)
FN:87,(anonymous_8)
FN:106,(anonymous_9)
FN:109,findMax
FN:116,(anonymous_11)
FNF:10
FNH:1
FNDA:1,(anonymous_2)
FNDA:0,ProjectListService
FNDA:0,(anonymous_4)
FNDA:0,(anonymous_5)
FNDA:0,(anonymous_6)
FNDA:0,(anonymous_7)
FNDA:0,(anonymous_8)
FNDA:0,(anonymous_9)
FNDA:0,findMax
FNDA:0,(anonymous_11)
DA:10,1
DA:13,1
DA:14,1
DA:23,0
DA:25,0
DA:27,0
DA:28,0
DA:29,0
DA:31,0
DA:32,0
DA:35,0
DA:36,0
DA:37,0
DA:40,0
DA:41,0
DA:42,0
DA:43,0
DA:44,0
DA:45,0
DA:46,0
DA:47,0
DA:51,1
DA:52,0
DA:56,1
DA:57,0
DA:60,1
DA:61,0
DA:64,1
DA:66,0
DA:68,0
DA:69,0
DA:70,0
DA:71,0
DA:72,0
DA:74,0
DA:77,0
DA:78,0
DA:79,0
DA:80,0
DA:81,0
DA:84,0
DA:87,1
DA:89,0
DA:91,0
DA:92,0
DA:93,0
DA:94,0
DA:95,0
DA:98,0
DA:99,0
DA:100,0
DA:101,0
DA:103,0
DA:106,1
DA:107,0
DA:110,0
DA:111,0
DA:112,0
DA:116,0
DA:117,0
DA:120,1
LF:61
LH:10
BRDA:66,0,0,0
BRDA:66,0,1,0
BRDA:89,1,0,0
BRDA:89,1,1,0
BRDA:111,2,0,0
BRDA:111,2,1,0
BRF:6
BRH:0
end_of_record
TN:
SF:/home/marco/projects/github/myprojectzz/myprojectzz-client/myprojectzzClient/src/app/task-list/task-list.component.ts
FN:12,(anonymous_2)
FN:18,TaskListComponent
FN:21,(anonymous_4)
FN:25,(anonymous_5)
FN:34,(anonymous_6)
FN:39,(anonymous_7)
FNF:6
FNH:1
FNDA:1,(anonymous_2)
FNDA:0,TaskListComponent
FNDA:0,(anonymous_4)
FNDA:0,(anonymous_5)
FNDA:0,(anonymous_6)
FNDA:0,(anonymous_7)
DA:12,1
DA:18,0
DA:21,1
DA:22,0
DA:25,1
DA:26,0
DA:27,0
DA:29,0
DA:31,0
DA:34,1
DA:35,0
DA:36,0
DA:39,1
DA:40,0
DA:41,0
DA:44,1
LF:16
LH:6
BRDA:26,0,0,0
BRDA:26,0,1,0
BRDA:35,1,0,0
BRDA:35,1,1,0
BRDA:35,1,2,0
BRF:5
BRH:0
end_of_record
TN:
SF:/home/marco/projects/github/myprojectzz/myprojectzz-client/myprojectzzClient/src/app/task-navbar/task-navbar.component.ts
FN:8,(anonymous_2)
FN:10,TaskNavbarComponent
FN:12,(anonymous_4)
FNF:3
FNH:1
FNDA:1,(anonymous_2)
FNDA:0,TaskNavbarComponent
FNDA:0,(anonymous_4)
DA:8,1
DA:12,1
DA:15,1
LF:3
LH:3
BRF:0
BRH:0
end_of_record
TN:
SF:/home/marco/projects/github/myprojectzz/myprojectzz-client/myprojectzzClient/src/app/task-tools-bar/task-tools-bar.component.ts
FN:12,(anonymous_2)
FN:18,TaskToolsBarComponent
FN:21,(anonymous_4)
FN:22,(anonymous_5)
FN:26,(anonymous_6)
FN:30,(anonymous_7)
FN:36,(anonymous_8)
FN:41,(anonymous_9)
FN:45,(anonymous_10)
FN:49,(anonymous_11)
FNF:10
FNH:1
FNDA:1,(anonymous_2)
FNDA:0,TaskToolsBarComponent
FNDA:0,(anonymous_4)
FNDA:0,(anonymous_5)
FNDA:0,(anonymous_6)
FNDA:0,(anonymous_7)
FNDA:0,(anonymous_8)
FNDA:0,(anonymous_9)
FNDA:0,(anonymous_10)
FNDA:0,(anonymous_11)
DA:12,1
DA:18,0
DA:21,1
DA:22,0
DA:23,0
DA:26,1
DA:27,0
DA:30,1
DA:32,0
DA:33,0
DA:36,1
DA:37,0
DA:38,0
DA:41,1
DA:42,0
DA:45,1
DA:46,0
DA:49,1
DA:50,0
DA:53,1
LF:20
LH:9
BRF:0
BRH:0
end_of_record
